<?xml version="1.0" encoding="UTF-8"?>
<testng-results ignored="0" total="1" passed="1" failed="0" skipped="0">
  <reporter-output>
  </reporter-output>
  <suite started-at="2021-10-27T11:28:55 IST" name="Default suite" finished-at="2021-10-27T11:29:04 IST" duration-ms="8831">
    <groups>
    </groups>
    <test started-at="2021-10-27T11:28:55 IST" name="Default test" finished-at="2021-10-27T11:29:04 IST" duration-ms="8831">
      <class name="practise.ExtentReportDemo">
        <test-method signature="reportgeneration()[pri:0, instance:practise.ExtentReportDemo@32ee6fee]" started-at="2021-10-27T11:28:55 IST" name="reportgeneration" finished-at="2021-10-27T11:29:03 IST" duration-ms="8125" status="PASS">
          <reporter-output>
          </reporter-output>
        </test-method> <!-- reportgeneration -->
        <test-method is-config="true" signature="endTest()[pri:0, instance:practise.ExtentReportDemo@32ee6fee]" started-at="2021-10-27T11:29:03 IST" name="endTest" finished-at="2021-10-27T11:29:04 IST" duration-ms="646" status="PASS">
          <reporter-output>
          </reporter-output>
        </test-method> <!-- endTest -->
      </class> <!-- practise.ExtentReportDemo -->
    </test> <!-- Default test -->
  </suite> <!-- Default suite -->
</testng-results>
